[2024-12-14T04:12:46.426+0000] {manager.py:470} INFO - Processing files using up to 2 processes at a time 
[2024-12-14T04:12:46.428+0000] {manager.py:471} INFO - Process each file at most once every 30 seconds
[2024-12-14T04:12:46.434+0000] {manager.py:472} INFO - Checking for new files in /opt/airflow/dags every 300 seconds
[2024-12-14T04:12:46.436+0000] {manager.py:737} INFO - Searching for files in /opt/airflow/dags
[2024-12-14T04:12:46.442+0000] {manager.py:740} INFO - There are 0 files in /opt/airflow/dags
[2024-12-14T04:17:47.333+0000] {manager.py:737} INFO - Searching for files in /opt/airflow/dags
[2024-12-14T04:17:47.558+0000] {manager.py:740} INFO - There are 0 files in /opt/airflow/dags
[2024-12-14T04:22:47.545+0000] {manager.py:737} INFO - Searching for files in /opt/airflow/dags
[2024-12-14T04:22:48.407+0000] {manager.py:740} INFO - There are 0 files in /opt/airflow/dags
[2024-12-14T04:27:48.288+0000] {manager.py:737} INFO - Searching for files in /opt/airflow/dags
[2024-12-14T04:27:48.375+0000] {manager.py:740} INFO - There are 0 files in /opt/airflow/dags
[2024-12-14T04:32:48.590+0000] {manager.py:737} INFO - Searching for files in /opt/airflow/dags
[2024-12-14T04:32:49.132+0000] {manager.py:740} INFO - There are 0 files in /opt/airflow/dags
[2024-12-14T04:37:48.895+0000] {manager.py:737} INFO - Searching for files in /opt/airflow/dags
[2024-12-14T04:37:49.007+0000] {manager.py:740} INFO - There are 0 files in /opt/airflow/dags
[2024-12-14T04:42:49.001+0000] {manager.py:737} INFO - Searching for files in /opt/airflow/dags
[2024-12-14T04:42:49.049+0000] {manager.py:740} INFO - There are 0 files in /opt/airflow/dags
[2024-12-14T04:47:49.454+0000] {manager.py:737} INFO - Searching for files in /opt/airflow/dags
[2024-12-14T04:47:49.473+0000] {manager.py:740} INFO - There are 0 files in /opt/airflow/dags
[2024-12-14T04:52:49.856+0000] {manager.py:737} INFO - Searching for files in /opt/airflow/dags
[2024-12-14T04:52:49.865+0000] {manager.py:740} INFO - There are 0 files in /opt/airflow/dags
[2024-12-14T04:57:50.251+0000] {manager.py:737} INFO - Searching for files in /opt/airflow/dags
[2024-12-14T04:57:50.260+0000] {manager.py:740} INFO - There are 0 files in /opt/airflow/dags
[2024-12-14T05:02:50.668+0000] {manager.py:737} INFO - Searching for files in /opt/airflow/dags
[2024-12-14T05:02:50.673+0000] {manager.py:740} INFO - There are 0 files in /opt/airflow/dags
[2024-12-14T05:07:51.103+0000] {manager.py:737} INFO - Searching for files in /opt/airflow/dags
[2024-12-14T05:07:51.109+0000] {manager.py:740} INFO - There are 0 files in /opt/airflow/dags
[2024-12-14T05:12:51.512+0000] {manager.py:737} INFO - Searching for files in /opt/airflow/dags
[2024-12-14T05:12:51.518+0000] {manager.py:740} INFO - There are 0 files in /opt/airflow/dags
[2024-12-14T05:17:51.940+0000] {manager.py:737} INFO - Searching for files in /opt/airflow/dags
[2024-12-14T05:17:51.952+0000] {manager.py:740} INFO - There are 0 files in /opt/airflow/dags
[2024-12-14T10:19:32.728+0000] {manager.py:737} INFO - Searching for files in /opt/airflow/dags
[2024-12-14T10:19:32.736+0000] {manager.py:740} INFO - There are 0 files in /opt/airflow/dags
[2024-12-14T10:24:33.082+0000] {manager.py:737} INFO - Searching for files in /opt/airflow/dags
[2024-12-14T10:24:33.090+0000] {manager.py:740} INFO - There are 0 files in /opt/airflow/dags
[2024-12-14T10:29:33.489+0000] {manager.py:737} INFO - Searching for files in /opt/airflow/dags
[2024-12-14T10:29:33.500+0000] {manager.py:740} INFO - There are 0 files in /opt/airflow/dags
[2024-12-14T10:34:34.013+0000] {manager.py:737} INFO - Searching for files in /opt/airflow/dags
[2024-12-14T10:34:34.024+0000] {manager.py:740} INFO - There are 0 files in /opt/airflow/dags
[2024-12-14T10:39:34.557+0000] {manager.py:737} INFO - Searching for files in /opt/airflow/dags
[2024-12-14T10:39:34.577+0000] {manager.py:740} INFO - There are 0 files in /opt/airflow/dags
[2024-12-14T10:44:35.110+0000] {manager.py:737} INFO - Searching for files in /opt/airflow/dags
[2024-12-14T10:44:35.140+0000] {manager.py:740} INFO - There are 0 files in /opt/airflow/dags
[2024-12-14T10:49:35.668+0000] {manager.py:737} INFO - Searching for files in /opt/airflow/dags
[2024-12-14T10:49:35.674+0000] {manager.py:740} INFO - There are 0 files in /opt/airflow/dags
[2024-12-14T10:54:36.238+0000] {manager.py:737} INFO - Searching for files in /opt/airflow/dags
[2024-12-14T10:54:36.243+0000] {manager.py:740} INFO - There are 0 files in /opt/airflow/dags
[2024-12-14T10:59:36.823+0000] {manager.py:737} INFO - Searching for files in /opt/airflow/dags
[2024-12-14T10:59:36.838+0000] {manager.py:740} INFO - There are 0 files in /opt/airflow/dags
[2024-12-14T11:04:37.408+0000] {manager.py:737} INFO - Searching for files in /opt/airflow/dags
[2024-12-14T11:04:37.413+0000] {manager.py:740} INFO - There are 0 files in /opt/airflow/dags
[2024-12-14T11:09:37.938+0000] {manager.py:737} INFO - Searching for files in /opt/airflow/dags
[2024-12-14T11:09:37.958+0000] {manager.py:740} INFO - There are 0 files in /opt/airflow/dags
[2024-12-14T11:14:38.466+0000] {manager.py:737} INFO - Searching for files in /opt/airflow/dags
[2024-12-14T11:14:38.476+0000] {manager.py:740} INFO - There are 0 files in /opt/airflow/dags
[2024-12-14T11:19:38.819+0000] {manager.py:737} INFO - Searching for files in /opt/airflow/dags
[2024-12-14T11:19:38.828+0000] {manager.py:740} INFO - There are 0 files in /opt/airflow/dags
[2024-12-14T11:24:39.619+0000] {manager.py:737} INFO - Searching for files in /opt/airflow/dags
[2024-12-14T11:24:39.625+0000] {manager.py:740} INFO - There are 0 files in /opt/airflow/dags
[2024-12-14T11:29:40.209+0000] {manager.py:737} INFO - Searching for files in /opt/airflow/dags
[2024-12-14T11:29:40.218+0000] {manager.py:740} INFO - There are 0 files in /opt/airflow/dags
[2024-12-14T11:34:40.793+0000] {manager.py:737} INFO - Searching for files in /opt/airflow/dags
[2024-12-14T11:34:40.799+0000] {manager.py:740} INFO - There are 0 files in /opt/airflow/dags
[2024-12-14T11:39:41.428+0000] {manager.py:737} INFO - Searching for files in /opt/airflow/dags
[2024-12-14T11:39:41.434+0000] {manager.py:740} INFO - There are 0 files in /opt/airflow/dags
[2024-12-14T11:44:41.883+0000] {manager.py:737} INFO - Searching for files in /opt/airflow/dags
[2024-12-14T11:44:41.890+0000] {manager.py:740} INFO - There are 0 files in /opt/airflow/dags
[2024-12-14T11:49:42.321+0000] {manager.py:737} INFO - Searching for files in /opt/airflow/dags
[2024-12-14T11:49:42.327+0000] {manager.py:740} INFO - There are 0 files in /opt/airflow/dags
[2024-12-14T11:54:42.750+0000] {manager.py:737} INFO - Searching for files in /opt/airflow/dags
[2024-12-14T11:54:42.757+0000] {manager.py:740} INFO - There are 0 files in /opt/airflow/dags
[2024-12-14T11:59:43.197+0000] {manager.py:737} INFO - Searching for files in /opt/airflow/dags
[2024-12-14T11:59:43.203+0000] {manager.py:740} INFO - There are 0 files in /opt/airflow/dags
[2024-12-14T12:04:43.701+0000] {manager.py:737} INFO - Searching for files in /opt/airflow/dags
[2024-12-14T12:04:43.706+0000] {manager.py:740} INFO - There are 0 files in /opt/airflow/dags
[2024-12-14T12:09:44.128+0000] {manager.py:737} INFO - Searching for files in /opt/airflow/dags
[2024-12-14T12:09:44.136+0000] {manager.py:740} INFO - There are 0 files in /opt/airflow/dags
[2024-12-14T12:14:44.416+0000] {manager.py:737} INFO - Searching for files in /opt/airflow/dags
[2024-12-14T12:14:44.421+0000] {manager.py:740} INFO - There are 0 files in /opt/airflow/dags
[2024-12-14T12:19:44.894+0000] {manager.py:737} INFO - Searching for files in /opt/airflow/dags
[2024-12-14T12:19:44.911+0000] {manager.py:740} INFO - There are 0 files in /opt/airflow/dags
[2024-12-14T12:24:45.515+0000] {manager.py:737} INFO - Searching for files in /opt/airflow/dags
[2024-12-14T12:24:45.523+0000] {manager.py:740} INFO - There are 0 files in /opt/airflow/dags
[2024-12-14T12:29:46.006+0000] {manager.py:737} INFO - Searching for files in /opt/airflow/dags
[2024-12-14T12:29:46.017+0000] {manager.py:740} INFO - There are 0 files in /opt/airflow/dags
[2024-12-14T12:34:46.490+0000] {manager.py:737} INFO - Searching for files in /opt/airflow/dags
[2024-12-14T12:34:46.502+0000] {manager.py:740} INFO - There are 0 files in /opt/airflow/dags
[2024-12-14T12:39:47.016+0000] {manager.py:737} INFO - Searching for files in /opt/airflow/dags
[2024-12-14T12:39:47.022+0000] {manager.py:740} INFO - There are 0 files in /opt/airflow/dags
[2024-12-14T12:44:47.789+0000] {manager.py:737} INFO - Searching for files in /opt/airflow/dags
[2024-12-14T12:44:47.795+0000] {manager.py:740} INFO - There are 0 files in /opt/airflow/dags
[2024-12-14T12:49:48.337+0000] {manager.py:737} INFO - Searching for files in /opt/airflow/dags
[2024-12-14T12:49:48.355+0000] {manager.py:740} INFO - There are 0 files in /opt/airflow/dags
[2024-12-14T12:54:48.866+0000] {manager.py:737} INFO - Searching for files in /opt/airflow/dags
[2024-12-14T12:54:48.873+0000] {manager.py:740} INFO - There are 0 files in /opt/airflow/dags
[2024-12-14T12:59:49.423+0000] {manager.py:737} INFO - Searching for files in /opt/airflow/dags
[2024-12-14T12:59:49.436+0000] {manager.py:740} INFO - There are 0 files in /opt/airflow/dags
[2024-12-14T13:04:49.975+0000] {manager.py:737} INFO - Searching for files in /opt/airflow/dags
[2024-12-14T13:04:49.990+0000] {manager.py:740} INFO - There are 0 files in /opt/airflow/dags
